2024-09-19 14:20:34.668 [INF] Url:127.0.0.1/
RequestId:00000000000000000000000000000000
RemoteAddress:127.0.0.1
X-Forwarded-For:
SourceContext:HS.Message.API
The application starts in the {"EnvironmentName":"Development","ApplicationName":"HS.Message.API","WebRootPath":null,"WebRootFileProvider":{},"ContentRootPath":"D:\\project\\HaiSheng\\HS.Message\\HS.Message.API","ContentRootFileProvider":{"UsePollingFileWatcher":false,"UseActivePolling":false,"Root":"D:\\project\\HaiSheng\\HS.Message\\HS.Message.API\\"}} environment

2024-09-19 14:20:35.558 [INF] Url:localhost:9082/index.html
RequestId:05986f4ee5c64115a054fda62227e9b0
RemoteAddress:::1
X-Forwarded-For:
SourceContext:Serilog.AspNetCore.RequestLoggingMiddleware
HTTP GET /index.html responded 200 in 109.3662 ms

2024-09-19 14:20:35.861 [INF] Url:localhost:9082/swagger-resources
RequestId:2a6174ecd6df493c839d97cffb2d3048
RemoteAddress:::1
X-Forwarded-For:
SourceContext:Serilog.AspNetCore.RequestLoggingMiddleware
HTTP GET /swagger-resources responded 200 in 61.5862 ms

2024-09-19 14:20:37.582 [INF] Url:localhost:9082/api-docs/All/swagger.json
RequestId:de5382e745e646b09fcc559b069ece37
RemoteAddress:::1
X-Forwarded-For:
SourceContext:Serilog.AspNetCore.RequestLoggingMiddleware
HTTP GET /api-docs/All/swagger.json responded 200 in 1715.3755 ms

2024-09-19 14:20:43.509 [INF] Url:localhost:9082/api-docs/Message/swagger.json
RequestId:ca3292b982b84a5f89d25a6322828b5e
RemoteAddress:::1
X-Forwarded-For:
SourceContext:Serilog.AspNetCore.RequestLoggingMiddleware
HTTP GET /api-docs/Message/swagger.json responded 200 in 957.5884 ms

2024-09-19 14:24:14.307 [INF] Url:127.0.0.1/
RequestId:00000000000000000000000000000000
RemoteAddress:127.0.0.1
X-Forwarded-For:
SourceContext:HS.Message.API
The application starts in the {"EnvironmentName":"Development","ApplicationName":"HS.Message.API","WebRootPath":null,"WebRootFileProvider":{},"ContentRootPath":"D:\\project\\HaiSheng\\HS.Message\\HS.Message.API","ContentRootFileProvider":{"UsePollingFileWatcher":false,"UseActivePolling":false,"Root":"D:\\project\\HaiSheng\\HS.Message\\HS.Message.API\\"}} environment

2024-09-19 14:24:14.997 [INF] Url:localhost:9082/index.html
RequestId:af578b6037e24f308341ba3f8cb24a6e
RemoteAddress:::1
X-Forwarded-For:
SourceContext:Serilog.AspNetCore.RequestLoggingMiddleware
HTTP GET /index.html responded 200 in 59.2452 ms

2024-09-19 14:24:15.197 [INF] Url:localhost:9082/swagger-resources
RequestId:101c06bfd5084435821da97bc824a157
RemoteAddress:::1
X-Forwarded-For:
SourceContext:Serilog.AspNetCore.RequestLoggingMiddleware
HTTP GET /swagger-resources responded 200 in 28.2131 ms

2024-09-19 14:24:15.717 [INF] Url:localhost:9082/api-docs/All/swagger.json
RequestId:fcbf0cb6c59246edadc8602e1763644f
RemoteAddress:::1
X-Forwarded-For:
SourceContext:Serilog.AspNetCore.RequestLoggingMiddleware
HTTP GET /api-docs/All/swagger.json responded 200 in 515.8648 ms

2024-09-19 14:27:00.269 [INF] Url:localhost:9082/index.html
RequestId:f9b7e36ba25d46ac9d94b5af5b95a42b
RemoteAddress:::1
X-Forwarded-For:
SourceContext:Serilog.AspNetCore.RequestLoggingMiddleware
HTTP GET /index.html responded 200 in 0.6859 ms

2024-09-19 14:27:00.397 [INF] Url:localhost:9082/swagger-resources
RequestId:ee401fb3a65f4ce494a8fd3825a6ecd9
RemoteAddress:::1
X-Forwarded-For:
SourceContext:Serilog.AspNetCore.RequestLoggingMiddleware
HTTP GET /swagger-resources responded 200 in 3.1212 ms

2024-09-19 14:27:01.888 [INF] Url:localhost:9082/api-docs/All/swagger.json
RequestId:4c9fe7c2a6794713b332a64832df3f41
RemoteAddress:::1
X-Forwarded-For:
SourceContext:Serilog.AspNetCore.RequestLoggingMiddleware
HTTP GET /api-docs/All/swagger.json responded 200 in 1483.2610 ms

2024-09-19 14:27:23.804 [INF] Url:127.0.0.1/
RequestId:00000000000000000000000000000000
RemoteAddress:127.0.0.1
X-Forwarded-For:
SourceContext:HS.Message.API
The application starts in the {"EnvironmentName":"Development","ApplicationName":"HS.Message.API","WebRootPath":null,"WebRootFileProvider":{},"ContentRootPath":"D:\\project\\HaiSheng\\HS.Message\\HS.Message.API","ContentRootFileProvider":{"UsePollingFileWatcher":false,"UseActivePolling":false,"Root":"D:\\project\\HaiSheng\\HS.Message\\HS.Message.API\\"}} environment

2024-09-19 14:27:24.418 [INF] Url:localhost:9082/index.html
RequestId:a483eb67eba5417ba3e434909d9be399
RemoteAddress:::1
X-Forwarded-For:
SourceContext:Serilog.AspNetCore.RequestLoggingMiddleware
HTTP GET /index.html responded 200 in 98.5870 ms

2024-09-19 14:27:24.571 [INF] Url:localhost:9082/swagger-resources
RequestId:a4461c7ea1c64f779f2ca993285c318f
RemoteAddress:::1
X-Forwarded-For:
SourceContext:Serilog.AspNetCore.RequestLoggingMiddleware
HTTP GET /swagger-resources responded 200 in 27.4479 ms

2024-09-19 14:27:25.136 [INF] Url:localhost:9082/api-docs/All/swagger.json
RequestId:c89801c8609240f78819ed84eec8fa41
RemoteAddress:::1
X-Forwarded-For:
SourceContext:Serilog.AspNetCore.RequestLoggingMiddleware
HTTP GET /api-docs/All/swagger.json responded 200 in 559.8631 ms

2024-09-19 14:31:17.856 [INF] Url:localhost:9082/index.html
RequestId:26cfedd8c17844c4bef69b30c28f402d
RemoteAddress:::1
X-Forwarded-For:
SourceContext:Serilog.AspNetCore.RequestLoggingMiddleware
HTTP GET /index.html responded 200 in 0.4079 ms

2024-09-19 14:31:17.961 [INF] Url:localhost:9082/swagger-resources
RequestId:a83d2eb69df34897a19effc128c500ec
RemoteAddress:::1
X-Forwarded-For:
SourceContext:Serilog.AspNetCore.RequestLoggingMiddleware
HTTP GET /swagger-resources responded 200 in 2.6956 ms

2024-09-19 14:31:19.324 [INF] Url:localhost:9082/api-docs/All/swagger.json
RequestId:1a13ef3d04584406a2b7855fae1a5ba9
RemoteAddress:::1
X-Forwarded-For:
SourceContext:Serilog.AspNetCore.RequestLoggingMiddleware
HTTP GET /api-docs/All/swagger.json responded 200 in 1355.2888 ms

2024-09-19 14:35:11.399 [INF] Url:127.0.0.1:9082/api/Message/SendMessage
RequestId:528bb92607f24727a7d79886d1a3978d
RemoteAddress:::ffff:127.0.0.1
X-Forwarded-For:
SourceContext:HS.Message.Share.Log.Serilogs.Middlewares.HttpContextLoggingMiddleware
Request.Body：[
  {
    "Title": "合同到期提醒",
    "Content": "合同到期提醒",
    "DynamicParameter": [
      {"ContractNo":"001"}
    ],
    "LinkUrl": "www.baidu.com",
    "LinkText": "点击此处处理",
    "BusinessTypeKey": "ContractExpirationReminder",
    "BusinessTypeValue": "合同到期提醒",
    "Sendchannel": "1,2",
    "Sender": {
      "UserId": "1001",
      "UserName": "sch"
    },
    "Receiver": [
      {
        "ReceiverUserid": "2001",
        "ReceiverName": "老张",
        "Email": "laozhang@qq.com",
        "CcEmail": "business@tygb.com",
        "Phone": "13188888888",
        "EnterpriseWechat": "ty-xx001",
        "Dingtalk": "dd-xx002",
        "OtherReceiveChannel": ""
      }
    ]
  }
]

2024-09-19 14:36:02.001 [ERR] Url:127.0.0.1:9082/api/Message/SendMessage
RequestId:528bb92607f24727a7d79886d1a3978d
RemoteAddress:::ffff:127.0.0.1
X-Forwarded-For:
SourceContext:Serilog.AspNetCore.RequestLoggingMiddleware
HTTP POST /api/Message/SendMessage responded 500 in 50599.0991 ms
System.ArgumentNullException: Value cannot be null. (Parameter 's')
   at System.ArgumentNullException.Throw(String paramName)
   at System.Text.Encoding.GetBytes(String s)
   at HS.Message.Share.Authentication.CustomAuthenticationHandler.InitializeHandlerAsync() in D:\project\HaiSheng\HS.Message\HS.Message.Share\Authentication\CustomAuthenticationHandler.cs:line 65
   at Microsoft.AspNetCore.Authentication.AuthenticationHandler`1.InitializeAsync(AuthenticationScheme scheme, HttpContext context)
   at Microsoft.AspNetCore.Authentication.AuthenticationHandlerProvider.GetHandlerAsync(HttpContext context, String authenticationScheme)
   at Microsoft.AspNetCore.Authentication.AuthenticationService.AuthenticateAsync(HttpContext context, String scheme)
   at Microsoft.AspNetCore.Authentication.AuthenticationMiddleware.Invoke(HttpContext context)
   at IGeekFan.AspNetCore.Knife4jUI.Knife4jUIMiddleware.Invoke(HttpContext httpContext)
   at Swashbuckle.AspNetCore.SwaggerUI.SwaggerUIMiddleware.Invoke(HttpContext httpContext)
   at Swashbuckle.AspNetCore.Swagger.SwaggerMiddleware.Invoke(HttpContext httpContext, ISwaggerProvider swaggerProvider)
   at Serilog.AspNetCore.RequestLoggingMiddleware.Invoke(HttpContext httpContext)

2024-09-19 14:38:04.288 [INF] Url:127.0.0.1/
RequestId:00000000000000000000000000000000
RemoteAddress:127.0.0.1
X-Forwarded-For:
SourceContext:HS.Message.API
The application starts in the {"EnvironmentName":"Development","ApplicationName":"HS.Message.API","WebRootPath":null,"WebRootFileProvider":{},"ContentRootPath":"D:\\project\\HaiSheng\\HS.Message\\HS.Message.API","ContentRootFileProvider":{"UsePollingFileWatcher":false,"UseActivePolling":false,"Root":"D:\\project\\HaiSheng\\HS.Message\\HS.Message.API\\"}} environment

2024-09-19 14:38:05.266 [INF] Url:localhost:9082/index.html
RequestId:feac128d25fa4d349adbf92ea732dd81
RemoteAddress:::1
X-Forwarded-For:
SourceContext:Serilog.AspNetCore.RequestLoggingMiddleware
HTTP GET /index.html responded 200 in 64.3627 ms

2024-09-19 14:38:05.437 [INF] Url:localhost:9082/swagger-resources
RequestId:edb425574e4c4811b502e918a391d7c0
RemoteAddress:::1
X-Forwarded-For:
SourceContext:Serilog.AspNetCore.RequestLoggingMiddleware
HTTP GET /swagger-resources responded 200 in 28.6586 ms

2024-09-19 14:38:05.975 [INF] Url:localhost:9082/api-docs/All/swagger.json
RequestId:8a088b6458d44ebea3be0c1e20cb07b4
RemoteAddress:::1
X-Forwarded-For:
SourceContext:Serilog.AspNetCore.RequestLoggingMiddleware
HTTP GET /api-docs/All/swagger.json responded 200 in 532.4972 ms

2024-09-19 14:38:09.153 [INF] Url:127.0.0.1:9082/api/Message/SendMessage
RequestId:e99b75b0df02454da867972409ddad86
RemoteAddress:::ffff:127.0.0.1
X-Forwarded-For:
SourceContext:HS.Message.Share.Log.Serilogs.Middlewares.HttpContextLoggingMiddleware
Request.Body：[
  {
    "Title": "合同到期提醒",
    "Content": "合同到期提醒",
    "DynamicParameter": [
      {"ContractNo":"001"}
    ],
    "LinkUrl": "www.baidu.com",
    "LinkText": "点击此处处理",
    "BusinessTypeKey": "ContractExpirationReminder",
    "BusinessTypeValue": "合同到期提醒",
    "Sendchannel": "1,2",
    "Sender": {
      "UserId": "1001",
      "UserName": "sch"
    },
    "Receiver": [
      {
        "ReceiverUserid": "2001",
        "ReceiverName": "老张",
        "Email": "laozhang@qq.com",
        "CcEmail": "business@tygb.com",
        "Phone": "13188888888",
        "EnterpriseWechat": "ty-xx001",
        "Dingtalk": "dd-xx002",
        "OtherReceiveChannel": ""
      }
    ]
  }
]

2024-09-19 14:38:09.234 [INF] Url:127.0.0.1:9082/api/Message/SendMessage
RequestId:e99b75b0df02454da867972409ddad86
RemoteAddress:::ffff:127.0.0.1
X-Forwarded-For:
SourceContext:Serilog.AspNetCore.RequestLoggingMiddleware
HTTP POST /api/Message/SendMessage responded 200 in 78.3337 ms

2024-09-19 14:38:09.235 [INF] Url:127.0.0.1:9082/api/Message/SendMessage
RequestId:e99b75b0df02454da867972409ddad86
RemoteAddress:::ffff:127.0.0.1
X-Forwarded-For:
SourceContext:HS.Message.Share.Log.Serilogs.Middlewares.HttpContextLoggingMiddleware
Response.Body：{
"code":2000,
"message":"JsonToken EndArray is not valid for closing JsonType Object. Path '[0]',
 line 7,
 position 5.|Error converting value \"LinkUrl\" to type 'HS.Message.Model.Requests.MessageRequest'. Path '[1]',
 line 8,
 position 13.|Unexpected character encountered while parsing value: [. Path '[0].DynamicParameter',
 line 5,
 position 25."
}

2024-09-19 14:38:29.908 [INF] Url:127.0.0.1:9082/api/Message/SendMessage
RequestId:be15852d9c3a424dba3afcf561a82c03
RemoteAddress:::ffff:127.0.0.1
X-Forwarded-For:
SourceContext:HS.Message.Share.Log.Serilogs.Middlewares.HttpContextLoggingMiddleware
Request.Body：[
  {
    "Title": "合同到期提醒",
    "Content": "合同到期提醒",
    "DynamicParameter":"",
    "LinkUrl": "www.baidu.com",
    "LinkText": "点击此处处理",
    "BusinessTypeKey": "ContractExpirationReminder",
    "BusinessTypeValue": "合同到期提醒",
    "Sendchannel": "1,2",
    "Sender": {
      "UserId": "1001",
      "UserName": "sch"
    },
    "Receiver": [
      {
        "ReceiverUserid": "2001",
        "ReceiverName": "老张",
        "Email": "laozhang@qq.com",
        "CcEmail": "business@tygb.com",
        "Phone": "13188888888",
        "EnterpriseWechat": "ty-xx001",
        "Dingtalk": "dd-xx002",
        "OtherReceiveChannel": ""
      }
    ]
  }
]

2024-09-19 14:45:09.983 [INF] Url:127.0.0.1/
RequestId:00000000000000000000000000000000
RemoteAddress:127.0.0.1
X-Forwarded-For:
SourceContext:HS.Message.API
The application starts in the {"EnvironmentName":"Development","ApplicationName":"HS.Message.API","WebRootPath":null,"WebRootFileProvider":{},"ContentRootPath":"D:\\project\\HaiSheng\\HS.Message\\HS.Message.API","ContentRootFileProvider":{"UsePollingFileWatcher":false,"UseActivePolling":false,"Root":"D:\\project\\HaiSheng\\HS.Message\\HS.Message.API\\"}} environment

2024-09-19 14:45:10.911 [INF] Url:localhost:9082/index.html
RequestId:0512945e1bc64d15a2ee7c9aaa3fd72c
RemoteAddress:::1
X-Forwarded-For:
SourceContext:Serilog.AspNetCore.RequestLoggingMiddleware
HTTP GET /index.html responded 200 in 78.9550 ms

2024-09-19 14:45:11.065 [INF] Url:localhost:9082/swagger-resources
RequestId:afc498b1995f42a5a0cb61d269c1061c
RemoteAddress:::1
X-Forwarded-For:
SourceContext:Serilog.AspNetCore.RequestLoggingMiddleware
HTTP GET /swagger-resources responded 200 in 28.1489 ms

2024-09-19 14:45:11.585 [INF] Url:localhost:9082/api-docs/All/swagger.json
RequestId:e019d16b4a204534a123c3fabda65486
RemoteAddress:::1
X-Forwarded-For:
SourceContext:Serilog.AspNetCore.RequestLoggingMiddleware
HTTP GET /api-docs/All/swagger.json responded 200 in 515.8065 ms

2024-09-19 14:45:28.721 [INF] Url:127.0.0.1:9082/api/Message/SendMessage
RequestId:43315f1195c24bb691eb603a55613b3a
RemoteAddress:::ffff:127.0.0.1
X-Forwarded-For:
SourceContext:HS.Message.Share.Log.Serilogs.Middlewares.HttpContextLoggingMiddleware
Request.Body：[
  {
    "Title": "合同到期提醒",
    "Content": "合同到期提醒",
    "DynamicParameter":{
      "Name": "John Doe",
      "ContractNo": "ht-001"
    },
    "LinkUrl": "www.baidu.com",
    "LinkText": "点击此处处理",
    "BusinessTypeKey": "ContractExpirationReminder",
    "BusinessTypeValue": "合同到期提醒",
    "Sendchannel": "1,2",
    "Sender": {
      "UserId": "1001",
      "UserName": "sch"
    },
    "Receiver": [
      {
        "ReceiverUserid": "2001",
        "ReceiverName": "老张",
        "Email": "laozhang@qq.com",
        "CcEmail": "business@tygb.com",
        "Phone": "13188888888",
        "EnterpriseWechat": "ty-xx001",
        "Dingtalk": "dd-xx002",
        "OtherReceiveChannel": ""
      }
    ]
  }
]

2024-09-19 14:47:01.075 [ERR] Url:127.0.0.1:9082/api/Message/SendMessage
RequestId:43315f1195c24bb691eb603a55613b3a
RemoteAddress:::ffff:127.0.0.1
X-Forwarded-For:
SourceContext:HS.Message.Share.Handlers.GlobalExceptionHandler
Exception：A TransactionScope must be disposed on the same thread that it was created.:   at System.Transactions.TransactionScope.Dispose()
   at HS.Message.Service.core.imp.MessageService.SendMessageAsync(List`1 request) in D:\project\HaiSheng\HS.Message\HS.Message.Service\core\imp\MessageService.cs:line 231
   at HS.Message.Controllers.MessageController.SendMessageAsync(List`1 request) in D:\project\HaiSheng\HS.Message\HS.Message.API\Controllers\MessageController.cs:line 37
   at lambda_method16(Closure, Object)
   at Microsoft.AspNetCore.Mvc.Infrastructure.ActionMethodExecutor.AwaitableObjectResultExecutor.Execute(ActionContext actionContext, IActionResultTypeMapper mapper, ObjectMethodExecutor executor, Object controller, Object[] arguments)
   at Microsoft.AspNetCore.Mvc.Infrastructure.ControllerActionInvoker.<InvokeActionMethodAsync>g__Logged|12_1(ControllerActionInvoker invoker)
   at Microsoft.AspNetCore.Mvc.Infrastructure.ControllerActionInvoker.<InvokeNextActionFilterAsync>g__Awaited|10_0(ControllerActionInvoker invoker, Task lastTask, State next, Scope scope, Object state, Boolean isCompleted)
   at Microsoft.AspNetCore.Mvc.Infrastructure.ControllerActionInvoker.Rethrow(ActionExecutedContextSealed context)
   at Microsoft.AspNetCore.Mvc.Infrastructure.ControllerActionInvoker.Next(State& next, Scope& scope, Object& state, Boolean& isCompleted)
   at Microsoft.AspNetCore.Mvc.Infrastructure.ControllerActionInvoker.<InvokeInnerFilterAsync>g__Awaited|13_0(ControllerActionInvoker invoker, Task lastTask, State next, Scope scope, Object state, Boolean isCompleted)
   at Microsoft.AspNetCore.Mvc.Infrastructure.ResourceInvoker.<InvokeNextExceptionFilterAsync>g__Awaited|26_0(ResourceInvoker invoker, Task lastTask, State next, Scope scope, Object state, Boolean isCompleted)，InnerException：

2024-09-19 14:47:01.094 [INF] Url:127.0.0.1:9082/api/Message/SendMessage
RequestId:43315f1195c24bb691eb603a55613b3a
RemoteAddress:::ffff:127.0.0.1
X-Forwarded-For:
SourceContext:Serilog.AspNetCore.RequestLoggingMiddleware
HTTP POST /api/Message/SendMessage responded 200 in 92369.2435 ms

2024-09-19 14:47:01.096 [INF] Url:127.0.0.1:9082/api/Message/SendMessage
RequestId:43315f1195c24bb691eb603a55613b3a
RemoteAddress:::ffff:127.0.0.1
X-Forwarded-For:
SourceContext:HS.Message.Share.Log.Serilogs.Middlewares.HttpContextLoggingMiddleware
Response.Body：{
"code":2010,
"message":"A TransactionScope must be disposed on the same thread that it was created."
}

2024-09-19 14:53:26.612 [INF] Url:127.0.0.1/
RequestId:00000000000000000000000000000000
RemoteAddress:127.0.0.1
X-Forwarded-For:
SourceContext:HS.Message.API
The application starts in the {"EnvironmentName":"Development","ApplicationName":"HS.Message.API","WebRootPath":null,"WebRootFileProvider":{},"ContentRootPath":"D:\\project\\HaiSheng\\HS.Message\\HS.Message.API","ContentRootFileProvider":{"UsePollingFileWatcher":false,"UseActivePolling":false,"Root":"D:\\project\\HaiSheng\\HS.Message\\HS.Message.API\\"}} environment

2024-09-19 14:53:27.348 [INF] Url:localhost:9082/index.html
RequestId:5b2a117c051b4829ba43d3e2b0d75617
RemoteAddress:::1
X-Forwarded-For:
SourceContext:Serilog.AspNetCore.RequestLoggingMiddleware
HTTP GET /index.html responded 200 in 46.0570 ms

2024-09-19 14:53:27.521 [INF] Url:localhost:9082/swagger-resources
RequestId:f9d3eac285e74597bb485074a327f559
RemoteAddress:::1
X-Forwarded-For:
SourceContext:Serilog.AspNetCore.RequestLoggingMiddleware
HTTP GET /swagger-resources responded 200 in 27.7603 ms

2024-09-19 14:53:28.121 [INF] Url:localhost:9082/api-docs/All/swagger.json
RequestId:83903fb524d14398a9e263fc8ee71b00
RemoteAddress:::1
X-Forwarded-For:
SourceContext:Serilog.AspNetCore.RequestLoggingMiddleware
HTTP GET /api-docs/All/swagger.json responded 200 in 595.3400 ms

2024-09-19 14:53:50.360 [INF] Url:127.0.0.1:9082/api/Message/SendMessage
RequestId:c9b9f47d8288490ab9ea3f6fcc51dee9
RemoteAddress:::ffff:127.0.0.1
X-Forwarded-For:
SourceContext:HS.Message.Share.Log.Serilogs.Middlewares.HttpContextLoggingMiddleware
Request.Body：[
  {
    "Title": "合同到期提醒标题",
    "Content": "合同到期提醒内容",
    "DynamicParameter":{
      "Name": "John Doe",
      "ContractNo": "ht-001"
    },
    "LinkUrl": "www.baidu.com",
    "LinkText": "点击此处处理",
    "BusinessTypeKey": "ContractExpirationReminder",
    "BusinessTypeValue": "合同到期提醒",
    "Sendchannel": "1,2",
    "Sender": {
      "UserId": "1001",
      "UserName": "sch"
    },
    "Receiver": [
      {
        "ReceiverUserid": "2001",
        "ReceiverName": "老张",
        "Email": "laozhang@qq.com",
        "CcEmail": "business@tygb.com",
        "Phone": "13188888888",
        "EnterpriseWechat": "ty-xx001",
        "Dingtalk": "dd-xx002",
        "OtherReceiveChannel": ""
      }
    ]
  }
]

2024-09-19 14:54:02.403 [ERR] Url:127.0.0.1:9082/api/Message/SendMessage
RequestId:c9b9f47d8288490ab9ea3f6fcc51dee9
RemoteAddress:::ffff:127.0.0.1
X-Forwarded-For:
SourceContext:HS.Message.Share.Handlers.GlobalExceptionHandler
Exception：Data too long for column 'logical_id' at row 1:   at MySql.Data.MySqlClient.MySqlStream.ReadPacketAsync(Boolean execAsync)
   at MySql.Data.MySqlClient.NativeDriver.GetResultAsync(Int32 affectedRow, Int64 insertedId, Boolean execAsync)
   at MySql.Data.MySqlClient.Driver.GetResultAsync(Int32 statementId, Int32 affectedRows, Int64 insertedId, Boolean execAsync)
   at MySql.Data.MySqlClient.Driver.NextResultAsync(Int32 statementId, Boolean force, Boolean execAsync)
   at MySql.Data.MySqlClient.MySqlDataReader.NextResultAsync(Boolean execAsync, CancellationToken cancellationToken)
   at MySql.Data.MySqlClient.MySqlDataReader.NextResultAsync(Boolean execAsync, CancellationToken cancellationToken)
   at MySql.Data.MySqlClient.MySqlCommand.ExecuteReaderAsync(CommandBehavior behavior, Boolean execAsync, CancellationToken cancellationToken)
   at MySql.Data.MySqlClient.MySqlCommand.ExecuteReaderAsync(CommandBehavior behavior, Boolean execAsync, CancellationToken cancellationToken)
   at MySql.Data.MySqlClient.MySqlCommand.ExecuteReaderAsync(CommandBehavior behavior, Boolean execAsync, CancellationToken cancellationToken)
   at MySql.Data.MySqlClient.MySqlCommand.ExecuteNonQueryAsync(Boolean execAsync, CancellationToken cancellationToken)
   at Dapper.SqlMapper.ExecuteImplAsync(IDbConnection cnn, CommandDefinition command, Object param) in /_/Dapper/SqlMapper.Async.cs:line 662
   at HS.Message.Repository.database.tool.BaseDapperTool`1.ExecuteNonQueryAsync[T2](String SQLString, T2 tmodel) in D:\project\HaiSheng\HS.Message\HS.Message.Repository\database\tool\BaseDapperTool.cs:line 130
   at HS.Message.Repository.database.core.BaseRepository`1.BactchAddDataAsync(List`1 modelList) in D:\project\HaiSheng\HS.Message\HS.Message.Repository\database\core\BaseRepository.cs:line 73
   at HS.Message.Repository.repository.base.core.MySqlBizRepository`2.BactchAddAsync(List`1 modelList) in D:\project\HaiSheng\HS.Message\HS.Message.Repository\repository\base\core\MySqlBizRepository.cs:line 114
   at HS.Message.Repository.repository.base.core.BizRepositoryAdapter`2.BactchAddAsync(List`1 modelList) in D:\project\HaiSheng\HS.Message\HS.Message.Repository\repository\base\core\BizRepositoryAdapter.cs:line 92
   at HS.Message.Service.core.imp.MessageService.SendMessageAsync(List`1 request) in D:\project\HaiSheng\HS.Message\HS.Message.Service\core\imp\MessageService.cs:line 216
   at HS.Message.Controllers.MessageController.SendMessageAsync(List`1 request) in D:\project\HaiSheng\HS.Message\HS.Message.API\Controllers\MessageController.cs:line 37
   at lambda_method16(Closure, Object)
   at Microsoft.AspNetCore.Mvc.Infrastructure.ActionMethodExecutor.AwaitableObjectResultExecutor.Execute(ActionContext actionContext, IActionResultTypeMapper mapper, ObjectMethodExecutor executor, Object controller, Object[] arguments)
   at Microsoft.AspNetCore.Mvc.Infrastructure.ControllerActionInvoker.<InvokeActionMethodAsync>g__Logged|12_1(ControllerActionInvoker invoker)
   at Microsoft.AspNetCore.Mvc.Infrastructure.ControllerActionInvoker.<InvokeNextActionFilterAsync>g__Awaited|10_0(ControllerActionInvoker invoker, Task lastTask, State next, Scope scope, Object state, Boolean isCompleted)
   at Microsoft.AspNetCore.Mvc.Infrastructure.ControllerActionInvoker.Rethrow(ActionExecutedContextSealed context)
   at Microsoft.AspNetCore.Mvc.Infrastructure.ControllerActionInvoker.Next(State& next, Scope& scope, Object& state, Boolean& isCompleted)
   at Microsoft.AspNetCore.Mvc.Infrastructure.ControllerActionInvoker.<InvokeInnerFilterAsync>g__Awaited|13_0(ControllerActionInvoker invoker, Task lastTask, State next, Scope scope, Object state, Boolean isCompleted)
   at Microsoft.AspNetCore.Mvc.Infrastructure.ResourceInvoker.<InvokeNextExceptionFilterAsync>g__Awaited|26_0(ResourceInvoker invoker, Task lastTask, State next, Scope scope, Object state, Boolean isCompleted)，InnerException：

2024-09-19 14:54:02.416 [INF] Url:127.0.0.1:9082/api/Message/SendMessage
RequestId:c9b9f47d8288490ab9ea3f6fcc51dee9
RemoteAddress:::ffff:127.0.0.1
X-Forwarded-For:
SourceContext:Serilog.AspNetCore.RequestLoggingMiddleware
HTTP POST /api/Message/SendMessage responded 200 in 12053.5338 ms

2024-09-19 14:54:02.417 [INF] Url:127.0.0.1:9082/api/Message/SendMessage
RequestId:c9b9f47d8288490ab9ea3f6fcc51dee9
RemoteAddress:::ffff:127.0.0.1
X-Forwarded-For:
SourceContext:HS.Message.Share.Log.Serilogs.Middlewares.HttpContextLoggingMiddleware
Response.Body：{
"code":2010,
"message":"Data too long for column 'logical_id' at row 1"
}

2024-09-19 14:55:22.421 [INF] Url:127.0.0.1/
RequestId:00000000000000000000000000000000
RemoteAddress:127.0.0.1
X-Forwarded-For:
SourceContext:HS.Message.API
The application starts in the {"EnvironmentName":"Development","ApplicationName":"HS.Message.API","WebRootPath":null,"WebRootFileProvider":{},"ContentRootPath":"D:\\project\\HaiSheng\\HS.Message\\HS.Message.API","ContentRootFileProvider":{"UsePollingFileWatcher":false,"UseActivePolling":false,"Root":"D:\\project\\HaiSheng\\HS.Message\\HS.Message.API\\"}} environment

2024-09-19 14:55:22.863 [INF] Url:localhost:9082/index.html
RequestId:543ac2c6a6214003a7b8c522d0dbb4b3
RemoteAddress:::1
X-Forwarded-For:
SourceContext:Serilog.AspNetCore.RequestLoggingMiddleware
HTTP GET /index.html responded 200 in 58.3924 ms

2024-09-19 14:55:23.040 [INF] Url:localhost:9082/swagger-resources
RequestId:68a6af3522b64eb5b8a2406c8d54c661
RemoteAddress:::1
X-Forwarded-For:
SourceContext:Serilog.AspNetCore.RequestLoggingMiddleware
HTTP GET /swagger-resources responded 200 in 27.8313 ms

2024-09-19 14:55:23.607 [INF] Url:localhost:9082/api-docs/All/swagger.json
RequestId:9854391b5b3640c1bfe73b725c84e984
RemoteAddress:::1
X-Forwarded-For:
SourceContext:Serilog.AspNetCore.RequestLoggingMiddleware
HTTP GET /api-docs/All/swagger.json responded 200 in 562.3325 ms

2024-09-19 14:55:43.706 [INF] Url:127.0.0.1:9082/api/Message/SendMessage
RequestId:be8d575cd77d41c2a625d6c678bd150f
RemoteAddress:::ffff:127.0.0.1
X-Forwarded-For:
SourceContext:HS.Message.Share.Log.Serilogs.Middlewares.HttpContextLoggingMiddleware
Request.Body：[
  {
    "Title": "合同到期提醒标题",
    "Content": "合同到期提醒内容",
    "DynamicParameter":{
      "Name": "John Doe",
      "ContractNo": "ht-001"
    },
    "LinkUrl": "www.baidu.com",
    "LinkText": "点击此处处理",
    "BusinessTypeKey": "ContractExpirationReminder",
    "BusinessTypeValue": "合同到期提醒",
    "Sendchannel": "1,2",
    "Sender": {
      "UserId": "1001",
      "UserName": "sch"
    },
    "Receiver": [
      {
        "ReceiverUserid": "2001",
        "ReceiverName": "老张",
        "Email": "laozhang@qq.com",
        "CcEmail": "business@tygb.com",
        "Phone": "13188888888",
        "EnterpriseWechat": "ty-xx001",
        "Dingtalk": "dd-xx002",
        "OtherReceiveChannel": ""
      }
    ]
  }
]

2024-09-19 14:55:55.306 [INF] Url:127.0.0.1:9082/api/Message/SendMessage
RequestId:be8d575cd77d41c2a625d6c678bd150f
RemoteAddress:::ffff:127.0.0.1
X-Forwarded-For:
SourceContext:Serilog.AspNetCore.RequestLoggingMiddleware
HTTP POST /api/Message/SendMessage responded 200 in 11598.0564 ms

2024-09-19 14:55:55.308 [INF] Url:127.0.0.1:9082/api/Message/SendMessage
RequestId:be8d575cd77d41c2a625d6c678bd150f
RemoteAddress:::ffff:127.0.0.1
X-Forwarded-For:
SourceContext:HS.Message.Share.Log.Serilogs.Middlewares.HttpContextLoggingMiddleware
Response.Body：{
"code":200
}

2024-09-19 14:56:44.888 [INF] Url:127.0.0.1:9082/api/Message/SendMessage
RequestId:f7feb6b870bf4116b1f6d3ecb832feac
RemoteAddress:::ffff:127.0.0.1
X-Forwarded-For:
SourceContext:HS.Message.Share.Log.Serilogs.Middlewares.HttpContextLoggingMiddleware
Request.Body：[
  {
    "Title": "合同到期提醒标题",
    "Content": "合同到期提醒内容",
    "DynamicParameter":{
      "Name": "John Doe",
      "ContractNo": "ht-001"
    },
    "LinkUrl": "www.baidu.com",
    "LinkText": "点击此处处理",
    "BusinessTypeKey": "ContractExpirationReminder",
    "BusinessTypeValue": "合同到期提醒",
    "Sendchannel": "1,2",
    "Sender": {
      "UserId": "1001",
      "UserName": "sch"
    },
    "Receiver": [
      {
        "ReceiverUserid": "2001",
        "ReceiverName": "老张",
        "Email": "laozhang@qq.com",
        "CcEmail": "business@tygb.com",
        "Phone": "13188888888",
        "EnterpriseWechat": "ty-xx001",
        "Dingtalk": "dd-xx002",
        "OtherReceiveChannel": ""
      }
    ]
  }
]

2024-09-19 14:56:56.772 [INF] Url:127.0.0.1:9082/api/Message/SendMessage
RequestId:f7feb6b870bf4116b1f6d3ecb832feac
RemoteAddress:::ffff:127.0.0.1
X-Forwarded-For:
SourceContext:Serilog.AspNetCore.RequestLoggingMiddleware
HTTP POST /api/Message/SendMessage responded 200 in 11881.9511 ms

2024-09-19 14:56:56.774 [INF] Url:127.0.0.1:9082/api/Message/SendMessage
RequestId:f7feb6b870bf4116b1f6d3ecb832feac
RemoteAddress:::ffff:127.0.0.1
X-Forwarded-For:
SourceContext:HS.Message.Share.Log.Serilogs.Middlewares.HttpContextLoggingMiddleware
Response.Body：{
"code":200
}

2024-09-19 15:00:01.039 [INF] Url:127.0.0.1/
RequestId:00000000000000000000000000000000
RemoteAddress:127.0.0.1
X-Forwarded-For:
SourceContext:HS.Message.API
The application starts in the {"EnvironmentName":"Development","ApplicationName":"HS.Message.API","WebRootPath":null,"WebRootFileProvider":{},"ContentRootPath":"D:\\project\\HaiSheng\\HS.Message\\HS.Message.API","ContentRootFileProvider":{"UsePollingFileWatcher":false,"UseActivePolling":false,"Root":"D:\\project\\HaiSheng\\HS.Message\\HS.Message.API\\"}} environment

2024-09-19 15:00:01.498 [INF] Url:localhost:9082/index.html
RequestId:9cffeed590bb42a0829c91fd838ebd78
RemoteAddress:::1
X-Forwarded-For:
SourceContext:Serilog.AspNetCore.RequestLoggingMiddleware
HTTP GET /index.html responded 200 in 63.3424 ms

2024-09-19 15:00:01.657 [INF] Url:localhost:9082/swagger-resources
RequestId:b478ff08b8644dc7b8e98965697d348f
RemoteAddress:::1
X-Forwarded-For:
SourceContext:Serilog.AspNetCore.RequestLoggingMiddleware
HTTP GET /swagger-resources responded 200 in 31.5925 ms

2024-09-19 15:00:02.201 [INF] Url:localhost:9082/api-docs/All/swagger.json
RequestId:384c84a3d0af48a5a96a5c40d50537de
RemoteAddress:::1
X-Forwarded-For:
SourceContext:Serilog.AspNetCore.RequestLoggingMiddleware
HTTP GET /api-docs/All/swagger.json responded 200 in 539.0068 ms

2024-09-19 15:03:41.985 [INF] Url:127.0.0.1/
RequestId:00000000000000000000000000000000
RemoteAddress:127.0.0.1
X-Forwarded-For:
SourceContext:HS.Message.API
The application starts in the {"EnvironmentName":"Development","ApplicationName":"HS.Message.API","WebRootPath":null,"WebRootFileProvider":{},"ContentRootPath":"D:\\project\\HaiSheng\\HS.Message\\HS.Message.API","ContentRootFileProvider":{"UsePollingFileWatcher":false,"UseActivePolling":false,"Root":"D:\\project\\HaiSheng\\HS.Message\\HS.Message.API\\"}} environment

2024-09-19 15:03:42.406 [INF] Url:localhost:9082/index.html
RequestId:f211ca9d14d14612a40ae825b973b411
RemoteAddress:::1
X-Forwarded-For:
SourceContext:Serilog.AspNetCore.RequestLoggingMiddleware
HTTP GET /index.html responded 200 in 41.9023 ms

2024-09-19 15:03:42.554 [INF] Url:localhost:9082/swagger-resources
RequestId:a648dca6176848dbbc247c2347fa69c8
RemoteAddress:::1
X-Forwarded-For:
SourceContext:Serilog.AspNetCore.RequestLoggingMiddleware
HTTP GET /swagger-resources responded 200 in 33.3226 ms

2024-09-19 15:03:43.038 [INF] Url:localhost:9082/api-docs/All/swagger.json
RequestId:05432f3622f045c2b30a54e63a06120d
RemoteAddress:::1
X-Forwarded-For:
SourceContext:Serilog.AspNetCore.RequestLoggingMiddleware
HTTP GET /api-docs/All/swagger.json responded 200 in 480.4576 ms

2024-09-19 15:03:47.401 [INF] Url:127.0.0.1:9082/api/Message/SendMessage
RequestId:d5714cd7e3ae408f8008c96d4b479db2
RemoteAddress:::ffff:127.0.0.1
X-Forwarded-For:
SourceContext:HS.Message.Share.Log.Serilogs.Middlewares.HttpContextLoggingMiddleware
Request.Body：[
  {
    "Title": "合同到期提醒标题",
    "Content": "合同到期提醒内容",
    "DynamicParameter":{
      "Name": "John Doe",
      "ContractNo": "ht-001"
    },
    "LinkUrl": "www.baidu.com",
    "LinkText": "点击此处处理",
    "BusinessTypeKey": "ContractExpirationReminder",
    "BusinessTypeValue": "合同到期提醒",
    "Sendchannel": "1,2",
    "Sender": {
      "UserId": "1001",
      "UserName": "sch"
    },
    "Receiver": [
      {
        "ReceiverUserid": "2001",
        "ReceiverName": "老张",
        "Email": "laozhang@qq.com",
        "CcEmail": "business@tygb.com",
        "Phone": "13188888888",
        "EnterpriseWechat": "ty-xx001",
        "Dingtalk": "dd-xx002",
        "OtherReceiveChannel": ""
      }
    ]
  }
]

2024-09-19 15:03:48.968 [INF] Url:127.0.0.1:9082/api/Message/SendMessage
RequestId:d5714cd7e3ae408f8008c96d4b479db2
RemoteAddress:::ffff:127.0.0.1
X-Forwarded-For:
SourceContext:Serilog.AspNetCore.RequestLoggingMiddleware
HTTP POST /api/Message/SendMessage responded 200 in 1564.9220 ms

2024-09-19 15:03:48.969 [INF] Url:127.0.0.1:9082/api/Message/SendMessage
RequestId:d5714cd7e3ae408f8008c96d4b479db2
RemoteAddress:::ffff:127.0.0.1
X-Forwarded-For:
SourceContext:HS.Message.Share.Log.Serilogs.Middlewares.HttpContextLoggingMiddleware
Response.Body：{
"code":200,
"message":"操作成功，消息已经写入发送队列！"
}

2024-09-19 15:03:59.905 [INF] Url:127.0.0.1:9082/api/Message/SendMessage
RequestId:923870b1d3ac4d5b9e65cdc5162fc9ee
RemoteAddress:::ffff:127.0.0.1
X-Forwarded-For:
SourceContext:HS.Message.Share.Log.Serilogs.Middlewares.HttpContextLoggingMiddleware
Request.Body：[
  {
    "Title": "合同到期提醒标题",
    "Content": "合同到期提醒内容",
    "DynamicParameter":{
      "Name": "John Doe",
      "ContractNo": "ht-001"
    },
    "LinkUrl": "www.baidu.com",
    "LinkText": "点击此处处理",
    "BusinessTypeKey": "ContractExpirationReminder",
    "BusinessTypeValue": "合同到期提醒",
    "Sendchannel": "1,2",
    "Sender": {
      "UserId": "1001",
      "UserName": "sch"
    },
    "Receiver": [
      {
        "ReceiverUserid": "2001",
        "ReceiverName": "老张",
        "Email": "laozhang@qq.com",
        "CcEmail": "business@tygb.com",
        "Phone": "13188888888",
        "EnterpriseWechat": "ty-xx001",
        "Dingtalk": "dd-xx002",
        "OtherReceiveChannel": ""
      }
    ]
  }
]

2024-09-19 15:05:18.680 [INF] Url:127.0.0.1/
RequestId:00000000000000000000000000000000
RemoteAddress:127.0.0.1
X-Forwarded-For:
SourceContext:HS.Message.API
The application starts in the {"EnvironmentName":"Development","ApplicationName":"HS.Message.API","WebRootPath":null,"WebRootFileProvider":{},"ContentRootPath":"D:\\project\\HaiSheng\\HS.Message\\HS.Message.API","ContentRootFileProvider":{"UsePollingFileWatcher":false,"UseActivePolling":false,"Root":"D:\\project\\HaiSheng\\HS.Message\\HS.Message.API\\"}} environment

2024-09-19 15:05:19.071 [INF] Url:localhost:9082/index.html
RequestId:1bb9cd79d77543c3998c1c9447a15012
RemoteAddress:::1
X-Forwarded-For:
SourceContext:Serilog.AspNetCore.RequestLoggingMiddleware
HTTP GET /index.html responded 200 in 48.5704 ms

2024-09-19 15:05:19.211 [INF] Url:localhost:9082/swagger-resources
RequestId:13720413c50f48688f95b4e15b5385d7
RemoteAddress:::1
X-Forwarded-For:
SourceContext:Serilog.AspNetCore.RequestLoggingMiddleware
HTTP GET /swagger-resources responded 200 in 26.4798 ms

2024-09-19 15:05:19.716 [INF] Url:localhost:9082/api-docs/All/swagger.json
RequestId:727ae323ed684a46bec1c8d7a61f1549
RemoteAddress:::1
X-Forwarded-For:
SourceContext:Serilog.AspNetCore.RequestLoggingMiddleware
HTTP GET /api-docs/All/swagger.json responded 200 in 500.9868 ms

2024-09-19 15:05:26.480 [INF] Url:127.0.0.1:9082/api/Message/SendMessage
RequestId:f17036655af545e9ac8196cb68b8cf4a
RemoteAddress:::ffff:127.0.0.1
X-Forwarded-For:
SourceContext:HS.Message.Share.Log.Serilogs.Middlewares.HttpContextLoggingMiddleware
Request.Body：[
  {
    "Title": "合同到期提醒标题",
    "Content": "合同到期提醒内容",
    "DynamicParameter":{
      "Name": "John Doe",
      "ContractNo": "ht-001"
    },
    "LinkUrl": "www.baidu.com",
    "LinkText": "点击此处处理",
    "BusinessTypeKey": "ContractExpirationReminder",
    "BusinessTypeValue": "合同到期提醒",
    "Sendchannel": "1,2",
    "Sender": {
      "UserId": "1001",
      "UserName": "sch"
    },
    "Receiver": [
      {
        "ReceiverUserid": "2001",
        "ReceiverName": "老张",
        "Email": "laozhang@qq.com",
        "CcEmail": "business@tygb.com",
        "Phone": "13188888888",
        "EnterpriseWechat": "ty-xx001",
        "Dingtalk": "dd-xx002",
        "OtherReceiveChannel": ""
      }
    ]
  }
]

2024-09-19 15:05:39.277 [INF] Url:127.0.0.1:9082/api/Message/SendMessage
RequestId:f17036655af545e9ac8196cb68b8cf4a
RemoteAddress:::ffff:127.0.0.1
X-Forwarded-For:
SourceContext:Serilog.AspNetCore.RequestLoggingMiddleware
HTTP POST /api/Message/SendMessage responded 200 in 12794.7834 ms

2024-09-19 15:05:39.278 [INF] Url:127.0.0.1:9082/api/Message/SendMessage
RequestId:f17036655af545e9ac8196cb68b8cf4a
RemoteAddress:::ffff:127.0.0.1
X-Forwarded-For:
SourceContext:HS.Message.Share.Log.Serilogs.Middlewares.HttpContextLoggingMiddleware
Response.Body：{
"code":200,
"message":"操作成功，消息已经写入发送队列！"
}

2024-09-19 15:06:55.100 [INF] Url:127.0.0.1/
RequestId:00000000000000000000000000000000
RemoteAddress:127.0.0.1
X-Forwarded-For:
SourceContext:HS.Message.API
The application starts in the {"EnvironmentName":"Development","ApplicationName":"HS.Message.API","WebRootPath":null,"WebRootFileProvider":{},"ContentRootPath":"D:\\project\\HaiSheng\\HS.Message\\HS.Message.API","ContentRootFileProvider":{"UsePollingFileWatcher":false,"UseActivePolling":false,"Root":"D:\\project\\HaiSheng\\HS.Message\\HS.Message.API\\"}} environment

2024-09-19 15:06:55.930 [INF] Url:localhost:9082/index.html
RequestId:88abb2687bb84e0e986f5c4b65c0d31a
RemoteAddress:::1
X-Forwarded-For:
SourceContext:Serilog.AspNetCore.RequestLoggingMiddleware
HTTP GET /index.html responded 200 in 48.5662 ms

2024-09-19 15:06:56.087 [INF] Url:localhost:9082/swagger-resources
RequestId:79730cb2a35c4fb0b459f705f64428be
RemoteAddress:::1
X-Forwarded-For:
SourceContext:Serilog.AspNetCore.RequestLoggingMiddleware
HTTP GET /swagger-resources responded 200 in 26.7254 ms

2024-09-19 15:06:56.650 [INF] Url:localhost:9082/api-docs/All/swagger.json
RequestId:7232b85fd1ba40cd8818633377cb050c
RemoteAddress:::1
X-Forwarded-For:
SourceContext:Serilog.AspNetCore.RequestLoggingMiddleware
HTTP GET /api-docs/All/swagger.json responded 200 in 559.1431 ms

2024-09-19 15:07:01.118 [INF] Url:127.0.0.1:9082/api/Message/SendMessage
RequestId:749de591c6fc42fca2f4e25842211471
RemoteAddress:::ffff:127.0.0.1
X-Forwarded-For:
SourceContext:HS.Message.Share.Log.Serilogs.Middlewares.HttpContextLoggingMiddleware
Request.Body：[
  {
    "Title": "合同到期提醒标题",
    "Content": "合同到期提醒内容",
    "DynamicParameter":{
      "Name": "John Doe",
      "ContractNo": "ht-001"
    },
    "LinkUrl": "www.baidu.com",
    "LinkText": "点击此处处理",
    "BusinessTypeKey": "ContractExpirationReminder",
    "BusinessTypeValue": "合同到期提醒",
    "Sendchannel": "1,2",
    "Sender": {
      "UserId": "1001",
      "UserName": "sch"
    },
    "Receiver": [
      {
        "ReceiverUserid": "2001",
        "ReceiverName": "老张",
        "Email": "laozhang@qq.com",
        "CcEmail": "business@tygb.com",
        "Phone": "13188888888",
        "EnterpriseWechat": "ty-xx001",
        "Dingtalk": "dd-xx002",
        "OtherReceiveChannel": ""
      }
    ]
  }
]

2024-09-19 15:07:03.976 [INF] Url:127.0.0.1:9082/api/Message/SendMessage
RequestId:749de591c6fc42fca2f4e25842211471
RemoteAddress:::ffff:127.0.0.1
X-Forwarded-For:
SourceContext:Serilog.AspNetCore.RequestLoggingMiddleware
HTTP POST /api/Message/SendMessage responded 200 in 2856.8410 ms

2024-09-19 15:07:03.977 [INF] Url:127.0.0.1:9082/api/Message/SendMessage
RequestId:749de591c6fc42fca2f4e25842211471
RemoteAddress:::ffff:127.0.0.1
X-Forwarded-For:
SourceContext:HS.Message.Share.Log.Serilogs.Middlewares.HttpContextLoggingMiddleware
Response.Body：{
"code":200,
"message":"操作成功，消息已经写入发送队列！"
}

2024-09-19 16:25:02.230 [INF] Url:127.0.0.1:9082/api/Message/SendMessage
RequestId:0ec4056802f8474ab067867c46cd4a68
RemoteAddress:::ffff:127.0.0.1
X-Forwarded-For:
SourceContext:HS.Message.Share.Log.Serilogs.Middlewares.HttpContextLoggingMiddleware
Request.Body：[
  {
    "Title": "合同到期提醒标题",
    "Content": "合同到期提醒内容",
    "DynamicParameter":{
      "UserName": " Mr. John Doe",
      "ContractNo": "ht-001"
    },
    "LinkUrl": "www.baidu.com",
    "LinkText": "点击此处处理",
    "BusinessTypeKey": "ContractExpirationReminder",
    "BusinessTypeValue": "合同到期提醒",
    "Sendchannel": "1,2",
    "Sender": {
      "UserId": "1001",
      "UserName": "sch"
    },
    "Receiver": [
      {
        "ReceiverUserid": "2001",
        "ReceiverName": "老张",
        "Email": "laozhang@qq.com",
        "CcEmail": "business@tygb.com",
        "Phone": "13188888888",
        "EnterpriseWechat": "ty-xx001",
        "Dingtalk": "dd-xx002",
        "OtherReceiveChannel": ""
      }
    ]
  }
]

2024-09-19 16:25:07.472 [INF] Url:127.0.0.1:9082/api/Message/SendMessage
RequestId:0ec4056802f8474ab067867c46cd4a68
RemoteAddress:::ffff:127.0.0.1
X-Forwarded-For:
SourceContext:Serilog.AspNetCore.RequestLoggingMiddleware
HTTP POST /api/Message/SendMessage responded 200 in 5226.2508 ms

2024-09-19 16:25:07.476 [INF] Url:127.0.0.1:9082/api/Message/SendMessage
RequestId:0ec4056802f8474ab067867c46cd4a68
RemoteAddress:::ffff:127.0.0.1
X-Forwarded-For:
SourceContext:HS.Message.Share.Log.Serilogs.Middlewares.HttpContextLoggingMiddleware
Response.Body：{
"code":200,
"message":"操作成功，消息已经写入发送队列！"
}

2024-09-19 16:26:16.844 [INF] Url:127.0.0.1:9082/api/Message/SendMessage
RequestId:45a41c531cf64d94b2c5ff627b5896d9
RemoteAddress:::ffff:127.0.0.1
X-Forwarded-For:
SourceContext:HS.Message.Share.Log.Serilogs.Middlewares.HttpContextLoggingMiddleware
Request.Body：[
  {
    "Title": "合同到期提醒标题",
    "Content": "合同到期提醒内容",
    "DynamicParameter":{
      "UserName": " Mr. John Doe",
      "ContractNo": "ht-001"
    },
    "LinkUrl": "www.baidu.com",
    "LinkText": "点击此处处理",
    "BusinessTypeKey": "ContractExpirationReminder",
    "BusinessTypeValue": "合同到期提醒",
    "Sendchannel": "1,2",
    "Sender": {
      "UserId": "1001",
      "UserName": "sch"
    },
    "Receiver": [
      {
        "ReceiverUserid": "2001",
        "ReceiverName": "老张",
        "Email": "laozhang@qq.com",
        "CcEmail": "business@tygb.com",
        "Phone": "13188888888",
        "EnterpriseWechat": "ty-xx001",
        "Dingtalk": "dd-xx002",
        "OtherReceiveChannel": ""
      }
    ]
  }
]

2024-09-19 16:28:02.634 [INF] Url:127.0.0.1:9082/api/Message/SendMessage
RequestId:45a41c531cf64d94b2c5ff627b5896d9
RemoteAddress:::ffff:127.0.0.1
X-Forwarded-For:
SourceContext:Serilog.AspNetCore.RequestLoggingMiddleware
HTTP POST /api/Message/SendMessage responded 200 in 105776.8694 ms

2024-09-19 16:28:02.638 [INF] Url:127.0.0.1:9082/api/Message/SendMessage
RequestId:45a41c531cf64d94b2c5ff627b5896d9
RemoteAddress:::ffff:127.0.0.1
X-Forwarded-For:
SourceContext:HS.Message.Share.Log.Serilogs.Middlewares.HttpContextLoggingMiddleware
Response.Body：{
"code":200,
"message":"操作成功，消息已经写入发送队列！"
}

2024-09-19 16:33:14.151 [INF] Url:127.0.0.1:9082/api/Message/SendMessage
RequestId:a485ab41b8c246748d40df507d0d2be7
RemoteAddress:::ffff:127.0.0.1
X-Forwarded-For:
SourceContext:HS.Message.Share.Log.Serilogs.Middlewares.HttpContextLoggingMiddleware
Request.Body：[
  {
    "Title": "合同到期提醒标题",
    "Content": "合同到期提醒内容",
    "DynamicParameter":{
      "UserName": " Mr. John Doe",
      "ContractNo": "ht-001"
    },
    "LinkUrl": "www.baidu.com",
    "LinkText": "点击此处处理",
    "BusinessTypeKey": "ContractExpirationReminder",
    "BusinessTypeValue": "合同到期提醒",
    "Sendchannel": "1,2",
    "Sender": {
      "UserId": "1001",
      "UserName": "sch"
    },
    "Receiver": [
      {
        "ReceiverUserid": "2001",
        "ReceiverName": "老张",
        "Email": "laozhang@qq.com",
        "CcEmail": "business@tygb.com",
        "Phone": "13188888888",
        "EnterpriseWechat": "ty-xx001",
        "Dingtalk": "dd-xx002",
        "OtherReceiveChannel": ""
      }
    ]
  }
]

2024-09-19 16:35:20.144 [INF] Url:127.0.0.1/
RequestId:00000000000000000000000000000000
RemoteAddress:127.0.0.1
X-Forwarded-For:
SourceContext:HS.Message.API
The application starts in the {"EnvironmentName":"Development","ApplicationName":"HS.Message.API","WebRootPath":null,"WebRootFileProvider":{},"ContentRootPath":"D:\\project\\HaiSheng\\HS.Message\\HS.Message.API","ContentRootFileProvider":{"UsePollingFileWatcher":false,"UseActivePolling":false,"Root":"D:\\project\\HaiSheng\\HS.Message\\HS.Message.API\\"}} environment

2024-09-19 16:35:21.030 [INF] Url:localhost:9082/index.html
RequestId:45e7f3d24fd84ec5b06b3d1fa6f6645d
RemoteAddress:::1
X-Forwarded-For:
SourceContext:Serilog.AspNetCore.RequestLoggingMiddleware
HTTP GET /index.html responded 200 in 67.0012 ms

2024-09-19 16:35:21.235 [INF] Url:localhost:9082/swagger-resources
RequestId:3fb5feace0774686ad0b888d02656aac
RemoteAddress:::1
X-Forwarded-For:
SourceContext:Serilog.AspNetCore.RequestLoggingMiddleware
HTTP GET /swagger-resources responded 200 in 29.4063 ms

2024-09-19 16:35:21.877 [INF] Url:localhost:9082/api-docs/All/swagger.json
RequestId:72e76e7618e54935bb4f88e89bbca188
RemoteAddress:::1
X-Forwarded-For:
SourceContext:Serilog.AspNetCore.RequestLoggingMiddleware
HTTP GET /api-docs/All/swagger.json responded 200 in 637.0523 ms

2024-09-19 16:35:26.179 [INF] Url:127.0.0.1:9082/api/Message/SendMessage
RequestId:de5e6c7c6f064930b4457208006416af
RemoteAddress:::ffff:127.0.0.1
X-Forwarded-For:
SourceContext:HS.Message.Share.Log.Serilogs.Middlewares.HttpContextLoggingMiddleware
Request.Body：[
  {
    "Title": "合同到期提醒标题",
    "Content": "合同到期提醒内容",
    "DynamicParameter":{
      "UserName": " Mr. John Doe",
      "ContractNo": "ht-001"
    },
    "LinkUrl": "www.baidu.com",
    "LinkText": "点击此处处理",
    "BusinessTypeKey": "ContractExpirationReminder",
    "BusinessTypeValue": "合同到期提醒",
    "Sendchannel": "1,2",
    "Sender": {
      "UserId": "1001",
      "UserName": "sch"
    },
    "Receiver": [
      {
        "ReceiverUserid": "2001",
        "ReceiverName": "老张",
        "Email": "laozhang@qq.com",
        "CcEmail": "business@tygb.com",
        "Phone": "13188888888",
        "EnterpriseWechat": "ty-xx001",
        "Dingtalk": "dd-xx002",
        "OtherReceiveChannel": ""
      }
    ]
  }
]

2024-09-19 16:38:02.406 [INF] Url:127.0.0.1:9082/api/Message/SendMessage
RequestId:de5e6c7c6f064930b4457208006416af
RemoteAddress:::ffff:127.0.0.1
X-Forwarded-For:
SourceContext:Serilog.AspNetCore.RequestLoggingMiddleware
HTTP POST /api/Message/SendMessage responded 200 in 156225.4557 ms

2024-09-19 16:38:02.408 [INF] Url:127.0.0.1:9082/api/Message/SendMessage
RequestId:de5e6c7c6f064930b4457208006416af
RemoteAddress:::ffff:127.0.0.1
X-Forwarded-For:
SourceContext:HS.Message.Share.Log.Serilogs.Middlewares.HttpContextLoggingMiddleware
Response.Body：{
"code":200,
"message":"操作成功，消息已经写入发送队列！"
}

2024-09-19 16:38:05.531 [INF] Url:127.0.0.1:9082/api/Message/SendMessage
RequestId:7f5b649096c845008ca428f59fce7e93
RemoteAddress:::ffff:127.0.0.1
X-Forwarded-For:
SourceContext:HS.Message.Share.Log.Serilogs.Middlewares.HttpContextLoggingMiddleware
Request.Body：[
  {
    "Title": "合同到期提醒标题",
    "Content": "合同到期提醒内容",
    "DynamicParameter":{
      "UserName": " Mr. John Doe",
      "ContractNo": "ht-001"
    },
    "LinkUrl": "www.baidu.com",
    "LinkText": "点击此处处理",
    "BusinessTypeKey": "ContractExpirationReminder",
    "BusinessTypeValue": "合同到期提醒",
    "Sendchannel": "1,2",
    "Sender": {
      "UserId": "1001",
      "UserName": "sch"
    },
    "Receiver": [
      {
        "ReceiverUserid": "2001",
        "ReceiverName": "老张",
        "Email": "laozhang@qq.com",
        "CcEmail": "business@tygb.com",
        "Phone": "13188888888",
        "EnterpriseWechat": "ty-xx001",
        "Dingtalk": "dd-xx002",
        "OtherReceiveChannel": ""
      }
    ]
  }
]

2024-09-19 16:38:51.609 [INF] Url:127.0.0.1/
RequestId:00000000000000000000000000000000
RemoteAddress:127.0.0.1
X-Forwarded-For:
SourceContext:HS.Message.API
The application starts in the {"EnvironmentName":"Development","ApplicationName":"HS.Message.API","WebRootPath":null,"WebRootFileProvider":{},"ContentRootPath":"D:\\project\\HaiSheng\\HS.Message\\HS.Message.API","ContentRootFileProvider":{"UsePollingFileWatcher":false,"UseActivePolling":false,"Root":"D:\\project\\HaiSheng\\HS.Message\\HS.Message.API\\"}} environment

2024-09-19 16:38:52.243 [INF] Url:localhost:9082/index.html
RequestId:485e3458583341f2983fef08e655cef1
RemoteAddress:::1
X-Forwarded-For:
SourceContext:Serilog.AspNetCore.RequestLoggingMiddleware
HTTP GET /index.html responded 200 in 87.3579 ms

2024-09-19 16:38:52.389 [INF] Url:localhost:9082/swagger-resources
RequestId:6f792d4c28ea45e1b8b9f4b984d52809
RemoteAddress:::1
X-Forwarded-For:
SourceContext:Serilog.AspNetCore.RequestLoggingMiddleware
HTTP GET /swagger-resources responded 200 in 26.4336 ms

2024-09-19 16:38:52.914 [INF] Url:localhost:9082/api-docs/All/swagger.json
RequestId:be486d3442544685bcc7f568b9603a23
RemoteAddress:::1
X-Forwarded-For:
SourceContext:Serilog.AspNetCore.RequestLoggingMiddleware
HTTP GET /api-docs/All/swagger.json responded 200 in 485.5767 ms

2024-09-19 16:39:04.142 [INF] Url:127.0.0.1:9082/api/Message/SendMessage
RequestId:107ecbbd363c499ba600743b2c45b719
RemoteAddress:::ffff:127.0.0.1
X-Forwarded-For:
SourceContext:HS.Message.Share.Log.Serilogs.Middlewares.HttpContextLoggingMiddleware
Request.Body：[
  {
    "Title": "合同到期提醒标题",
    "Content": "合同到期提醒内容",
    "DynamicParameter":{
      "UserName": " Mr. John Doe",
      "ContractNo": "ht-001"
    },
    "LinkUrl": "www.baidu.com",
    "LinkText": "点击此处处理",
    "BusinessTypeKey": "ContractExpirationReminder",
    "BusinessTypeValue": "合同到期提醒",
    "Sendchannel": "1,2",
    "Sender": {
      "UserId": "1001",
      "UserName": "sch"
    },
    "Receiver": [
      {
        "ReceiverUserid": "2001",
        "ReceiverName": "老张",
        "Email": "laozhang@qq.com",
        "CcEmail": "business@tygb.com",
        "Phone": "13188888888",
        "EnterpriseWechat": "ty-xx001",
        "Dingtalk": "dd-xx002",
        "OtherReceiveChannel": ""
      }
    ]
  }
]

2024-09-19 16:39:18.213 [INF] Url:127.0.0.1:9082/api/Message/SendMessage
RequestId:107ecbbd363c499ba600743b2c45b719
RemoteAddress:::ffff:127.0.0.1
X-Forwarded-For:
SourceContext:Serilog.AspNetCore.RequestLoggingMiddleware
HTTP POST /api/Message/SendMessage responded 200 in 14068.1092 ms

2024-09-19 16:39:18.218 [INF] Url:127.0.0.1:9082/api/Message/SendMessage
RequestId:107ecbbd363c499ba600743b2c45b719
RemoteAddress:::ffff:127.0.0.1
X-Forwarded-For:
SourceContext:HS.Message.Share.Log.Serilogs.Middlewares.HttpContextLoggingMiddleware
Response.Body：{
"code":200,
"message":"操作成功，消息已经写入发送队列！"
}

